<?xml version="1.0" encoding="UTF-8"?>
<coverage generated="1747668477940" clover="3.2.0">
  <project timestamp="1747668477940" name="All files">
    <metrics statements="9" coveredstatements="9" conditionals="8" coveredconditionals="8" methods="7" coveredmethods="7" elements="24" coveredelements="24" complexity="0" loc="9" ncloc="9" packages="1" files="1" classes="1"/>
    <file name="Navbar.jsx" path="D:\nexadew\src\components\Navbar\Navbar.jsx">
      <metrics statements="9" coveredstatements="9" conditionals="8" coveredconditionals="8" methods="7" coveredmethods="7"/>
      <line num="5" count="8" type="stmt"/>
      <line num="6" count="8" type="stmt"/>
      <line num="7" count="8" type="stmt"/>
      <line num="9" count="36" type="stmt"/>
      <line num="10" count="1" type="stmt"/>
      <line num="16" count="8" type="stmt"/>
      <line num="25" count="2" type="stmt"/>
      <line num="37" count="32" type="stmt"/>
      <line num="71" count="4" type="stmt"/>
    </file>
  </project>
</coverage>
