{"C:\\Users\\aksha\\OneDrive\\Desktop\\client\\Whitespace-A\\src\\components\\Footer\\Footer.jsx": {"path":"C:\\Users\\aksha\\OneDrive\\Desktop\\client\\Whitespace-A\\src\\components\\Footer\\Footer.jsx","statementMap":{"0":{"start":{"line":8,"column":15},"end":{"line":87,"column":1}},"1":{"start":{"line":9,"column":2},"end":{"line":86,"column":3}}},"fnMap":{"0":{"name":"(anonymous_0)","decl":{"start":{"line":8,"column":15},"end":{"line":8,"column":16}},"loc":{"start":{"line":8,"column":21},"end":{"line":87,"column":1}},"line":8}},"branchMap":{},"s":{"0":1,"1":11},"f":{"0":11},"b":{},"_coverageSchema":"1a1c01bbd47fc00a2c39e90264f33305004495a9","hash":"4d09e9072402fa6938aea3f83ac2d4884cf1c7d1"}
,"C:\\Users\\aksha\\OneDrive\\Desktop\\client\\Whitespace-A\\src\\components\\Home\\Home.jsx": {"path":"C:\\Users\\aksha\\OneDrive\\Desktop\\client\\Whitespace-A\\src\\components\\Home\\Home.jsx","statementMap":{"0":{"start":{"line":3,"column":13},"end":{"line":122,"column":1}},"1":{"start":{"line":23,"column":6},"end":{"line":23,"column":26}},"2":{"start":{"line":25,"column":27},"end":{"line":36,"column":8}},"3":{"start":{"line":38,"column":25},"end":{"line":44,"column":3}},"4":{"start":{"line":46,"column":2},"end":{"line":121,"column":4}}},"fnMap":{"0":{"name":"(anonymous_0)","decl":{"start":{"line":3,"column":13},"end":{"line":3,"column":14}},"loc":{"start":{"line":17,"column":6},"end":{"line":122,"column":1}},"line":17}},"branchMap":{"0":{"loc":{"start":{"line":8,"column":2},"end":{"line":8,"column":25}},"type":"default-arg","locations":[{"start":{"line":8,"column":18},"end":{"line":8,"column":25}}],"line":8},"1":{"loc":{"start":{"line":10,"column":2},"end":{"line":10,"column":27}},"type":"default-arg","locations":[{"start":{"line":10,"column":25},"end":{"line":10,"column":27}}],"line":10},"2":{"loc":{"start":{"line":11,"column":2},"end":{"line":11,"column":22}},"type":"default-arg","locations":[{"start":{"line":11,"column":20},"end":{"line":11,"column":22}}],"line":11},"3":{"loc":{"start":{"line":12,"column":2},"end":{"line":12,"column":21}},"type":"default-arg","locations":[{"start":{"line":12,"column":19},"end":{"line":12,"column":21}}],"line":12},"4":{"loc":{"start":{"line":13,"column":2},"end":{"line":13,"column":29}},"type":"default-arg","locations":[{"start":{"line":13,"column":22},"end":{"line":13,"column":29}}],"line":13},"5":{"loc":{"start":{"line":14,"column":2},"end":{"line":14,"column":22}},"type":"default-arg","locations":[{"start":{"line":14,"column":17},"end":{"line":14,"column":22}}],"line":14},"6":{"loc":{"start":{"line":15,"column":2},"end":{"line":15,"column":29}},"type":"default-arg","locations":[{"start":{"line":15,"column":24},"end":{"line":15,"column":29}}],"line":15},"7":{"loc":{"start":{"line":19,"column":4},"end":{"line":19,"column":18}},"type":"default-arg","locations":[{"start":{"line":19,"column":11},"end":{"line":19,"column":18}}],"line":19},"8":{"loc":{"start":{"line":20,"column":4},"end":{"line":20,"column":23}},"type":"default-arg","locations":[{"start":{"line":20,"column":15},"end":{"line":20,"column":23}}],"line":20},"9":{"loc":{"start":{"line":21,"column":4},"end":{"line":21,"column":19}},"type":"default-arg","locations":[{"start":{"line":21,"column":14},"end":{"line":21,"column":19}}],"line":21},"10":{"loc":{"start":{"line":25,"column":27},"end":{"line":36,"column":8}},"type":"cond-expr","locations":[{"start":{"line":26,"column":6},"end":{"line":35,"column":7}},{"start":{"line":36,"column":6},"end":{"line":36,"column":8}}],"line":25},"11":{"loc":{"start":{"line":31,"column":12},"end":{"line":34,"column":9}},"type":"binary-expr","locations":[{"start":{"line":31,"column":12},"end":{"line":31,"column":19}},{"start":{"line":31,"column":23},"end":{"line":34,"column":9}}],"line":31},"12":{"loc":{"start":{"line":33,"column":27},"end":{"line":33,"column":58}},"type":"binary-expr","locations":[{"start":{"line":33,"column":27},"end":{"line":33,"column":45}},{"start":{"line":33,"column":49},"end":{"line":33,"column":58}}],"line":33},"13":{"loc":{"start":{"line":71,"column":12},"end":{"line":71,"column":70}},"type":"cond-expr","locations":[{"start":{"line":71,"column":34},"end":{"line":71,"column":50}},{"start":{"line":71,"column":53},"end":{"line":71,"column":70}}],"line":71},"14":{"loc":{"start":{"line":77,"column":14},"end":{"line":77,"column":80}},"type":"cond-expr","locations":[{"start":{"line":77,"column":36},"end":{"line":77,"column":65}},{"start":{"line":77,"column":68},"end":{"line":77,"column":80}}],"line":77},"15":{"loc":{"start":{"line":79,"column":14},"end":{"line":79,"column":63}},"type":"cond-expr","locations":[{"start":{"line":79,"column":42},"end":{"line":79,"column":51}},{"start":{"line":79,"column":54},"end":{"line":79,"column":63}}],"line":79},"16":{"loc":{"start":{"line":81,"column":14},"end":{"line":81,"column":69}},"type":"cond-expr","locations":[{"start":{"line":81,"column":36},"end":{"line":81,"column":52}},{"start":{"line":81,"column":55},"end":{"line":81,"column":69}}],"line":81},"17":{"loc":{"start":{"line":88,"column":13},"end":{"line":97,"column":1}},"type":"binary-expr","locations":[{"start":{"line":88,"column":13},"end":{"line":88,"column":27}},{"start":{"line":89,"column":2},"end":{"line":96,"column":11}}],"line":88},"18":{"loc":{"start":{"line":91,"column":6},"end":{"line":91,"column":35}},"type":"cond-expr","locations":[{"start":{"line":91,"column":21},"end":{"line":91,"column":30}},{"start":{"line":91,"column":33},"end":{"line":91,"column":35}}],"line":91},"19":{"loc":{"start":{"line":105,"column":11},"end":{"line":117,"column":11}},"type":"binary-expr","locations":[{"start":{"line":105,"column":11},"end":{"line":105,"column":20}},{"start":{"line":106,"column":12},"end":{"line":116,"column":18}}],"line":105},"20":{"loc":{"start":{"line":108,"column":16},"end":{"line":108,"column":64}},"type":"cond-expr","locations":[{"start":{"line":108,"column":38},"end":{"line":108,"column":49}},{"start":{"line":108,"column":52},"end":{"line":108,"column":64}}],"line":108},"21":{"loc":{"start":{"line":109,"column":18},"end":{"line":109,"column":67}},"type":"cond-expr","locations":[{"start":{"line":109,"column":46},"end":{"line":109,"column":55}},{"start":{"line":109,"column":58},"end":{"line":109,"column":67}}],"line":109}},"s":{"0":1,"1":7,"2":7,"3":7,"4":7},"f":{"0":7},"b":{"0":[0],"1":[6],"2":[0],"3":[0],"4":[0],"5":[6],"6":[6],"7":[7],"8":[7],"9":[6],"10":[7,0],"11":[7,1],"12":[1,0],"13":[1,6],"14":[1,6],"15":[6,1],"16":[1,6],"17":[7,7],"18":[1,6],"19":[7,6],"20":[1,5],"21":[5,1]},"_coverageSchema":"1a1c01bbd47fc00a2c39e90264f33305004495a9","hash":"89baa8b526fa4e35b12e9a55a59944a13e6972f0"}
,"C:\\Users\\aksha\\OneDrive\\Desktop\\client\\Whitespace-A\\src\\components\\Navbar\\Navbar.jsx": {"path":"C:\\Users\\aksha\\OneDrive\\Desktop\\client\\Whitespace-A\\src\\components\\Navbar\\Navbar.jsx","statementMap":{"0":{"start":{"line":5,"column":34},"end":{"line":5,"column":49}},"1":{"start":{"line":7,"column":2},"end":{"line":83,"column":4}},"2":{"start":{"line":20,"column":27},"end":{"line":20,"column":49}},"3":{"start":{"line":29,"column":12},"end":{"line":38,"column":21}},"4":{"start":{"line":58,"column":10},"end":{"line":67,"column":19}}},"fnMap":{"0":{"name":"Navbar","decl":{"start":{"line":4,"column":24},"end":{"line":4,"column":30}},"loc":{"start":{"line":4,"column":33},"end":{"line":84,"column":1}},"line":4},"1":{"name":"(anonymous_1)","decl":{"start":{"line":20,"column":21},"end":{"line":20,"column":22}},"loc":{"start":{"line":20,"column":27},"end":{"line":20,"column":49}},"line":20},"2":{"name":"(anonymous_2)","decl":{"start":{"line":28,"column":65},"end":{"line":28,"column":66}},"loc":{"start":{"line":29,"column":12},"end":{"line":38,"column":21}},"line":29},"3":{"name":"(anonymous_3)","decl":{"start":{"line":57,"column":63},"end":{"line":57,"column":64}},"loc":{"start":{"line":58,"column":10},"end":{"line":67,"column":19}},"line":58}},"branchMap":{"0":{"loc":{"start":{"line":22,"column":13},"end":{"line":22,"column":33}},"type":"cond-expr","locations":[{"start":{"line":22,"column":24},"end":{"line":22,"column":27}},{"start":{"line":22,"column":30},"end":{"line":22,"column":33}}],"line":22},"1":{"loc":{"start":{"line":56,"column":88},"end":{"line":56,"column":117}},"type":"cond-expr","locations":[{"start":{"line":56,"column":99},"end":{"line":56,"column":106}},{"start":{"line":56,"column":109},"end":{"line":56,"column":117}}],"line":56}},"s":{"0":3,"1":3,"2":2,"3":12,"4":12},"f":{"0":3,"1":2,"2":12,"3":12},"b":{"0":[1,2],"1":[1,2]},"_coverageSchema":"1a1c01bbd47fc00a2c39e90264f33305004495a9","hash":"31034d5bb5fdc483a5acd917f7ab88388b9f5742"}
,"C:\\Users\\aksha\\OneDrive\\Desktop\\client\\Whitespace-A\\src\\components\\OurClientCard\\OurClientCard.jsx": {"path":"C:\\Users\\aksha\\OneDrive\\Desktop\\client\\Whitespace-A\\src\\components\\OurClientCard\\OurClientCard.jsx","statementMap":{"0":{"start":{"line":3,"column":22},"end":{"line":28,"column":1}},"1":{"start":{"line":4,"column":2},"end":{"line":27,"column":4}}},"fnMap":{"0":{"name":"(anonymous_0)","decl":{"start":{"line":3,"column":22},"end":{"line":3,"column":23}},"loc":{"start":{"line":3,"column":68},"end":{"line":28,"column":1}},"line":3}},"branchMap":{},"s":{"0":1,"1":4},"f":{"0":4},"b":{},"_coverageSchema":"1a1c01bbd47fc00a2c39e90264f33305004495a9","hash":"872f6181a1e3c11c1deba3abfe02d36623378b8c"}
,"C:\\Users\\aksha\\OneDrive\\Desktop\\client\\Whitespace-A\\src\\components\\OurClientSection\\OurClientSection.jsx": {"path":"C:\\Users\\aksha\\OneDrive\\Desktop\\client\\Whitespace-A\\src\\components\\OurClientSection\\OurClientSection.jsx","statementMap":{"0":{"start":{"line":5,"column":25},"end":{"line":20,"column":1}},"1":{"start":{"line":6,"column":2},"end":{"line":19,"column":3}}},"fnMap":{"0":{"name":"(anonymous_0)","decl":{"start":{"line":5,"column":25},"end":{"line":5,"column":26}},"loc":{"start":{"line":5,"column":31},"end":{"line":20,"column":1}},"line":5}},"branchMap":{},"s":{"0":1,"1":2},"f":{"0":2},"b":{},"_coverageSchema":"1a1c01bbd47fc00a2c39e90264f33305004495a9","hash":"3e88180bcb091277f83e6818dc37383b7f68a5c2"}
,"C:\\Users\\aksha\\OneDrive\\Desktop\\client\\Whitespace-A\\src\\components\\PlansCardSection\\PlanCardSection.jsx": {"path":"C:\\Users\\aksha\\OneDrive\\Desktop\\client\\Whitespace-A\\src\\components\\PlansCardSection\\PlanCardSection.jsx","statementMap":{"0":{"start":{"line":4,"column":24},"end":{"line":35,"column":1}},"1":{"start":{"line":5,"column":2},"end":{"line":34,"column":3}}},"fnMap":{"0":{"name":"(anonymous_0)","decl":{"start":{"line":4,"column":24},"end":{"line":4,"column":25}},"loc":{"start":{"line":4,"column":30},"end":{"line":35,"column":1}},"line":4}},"branchMap":{},"s":{"0":1,"1":2},"f":{"0":2},"b":{},"_coverageSchema":"1a1c01bbd47fc00a2c39e90264f33305004495a9","hash":"5f2fe562ee3c7931bb79deaf1d96e7355f1264a7"}
,"C:\\Users\\aksha\\OneDrive\\Desktop\\client\\Whitespace-A\\src\\components\\PriceCard\\PriceCard.jsx": {"path":"C:\\Users\\aksha\\OneDrive\\Desktop\\client\\Whitespace-A\\src\\components\\PriceCard\\PriceCard.jsx","statementMap":{"0":{"start":{"line":3,"column":18},"end":{"line":44,"column":1}},"1":{"start":{"line":4,"column":2},"end":{"line":43,"column":4}}},"fnMap":{"0":{"name":"(anonymous_0)","decl":{"start":{"line":3,"column":18},"end":{"line":3,"column":19}},"loc":{"start":{"line":3,"column":89},"end":{"line":44,"column":1}},"line":3}},"branchMap":{},"s":{"0":1,"1":5},"f":{"0":5},"b":{},"_coverageSchema":"1a1c01bbd47fc00a2c39e90264f33305004495a9","hash":"72aa62cab363880487c101bfd4197d0667728a2d"}
,"C:\\Users\\aksha\\OneDrive\\Desktop\\client\\Whitespace-A\\src\\components\\SponserSection\\Sponser.jsx": {"path":"C:\\Users\\aksha\\OneDrive\\Desktop\\client\\Whitespace-A\\src\\components\\SponserSection\\Sponser.jsx","statementMap":{"0":{"start":{"line":4,"column":16},"end":{"line":18,"column":1}},"1":{"start":{"line":5,"column":2},"end":{"line":17,"column":3}}},"fnMap":{"0":{"name":"(anonymous_0)","decl":{"start":{"line":4,"column":16},"end":{"line":4,"column":17}},"loc":{"start":{"line":4,"column":22},"end":{"line":18,"column":1}},"line":4}},"branchMap":{},"s":{"0":1,"1":4},"f":{"0":4},"b":{},"_coverageSchema":"1a1c01bbd47fc00a2c39e90264f33305004495a9","hash":"559d67d5189ec1ad218b581d242c839b5c50e669"}
}
