{"C:\\Users\\aksha\\OneDrive\\Desktop\\client\\Whitespace-A\\src\\components\\Footer\\Footer.jsx": {"path":"C:\\Users\\aksha\\OneDrive\\Desktop\\client\\Whitespace-A\\src\\components\\Footer\\Footer.jsx","statementMap":{"0":{"start":{"line":8,"column":15},"end":{"line":87,"column":1}},"1":{"start":{"line":9,"column":2},"end":{"line":86,"column":3}}},"fnMap":{"0":{"name":"(anonymous_0)","decl":{"start":{"line":8,"column":15},"end":{"line":8,"column":16}},"loc":{"start":{"line":8,"column":21},"end":{"line":87,"column":1}},"line":8}},"branchMap":{},"s":{"0":1,"1":11},"f":{"0":11},"b":{},"_coverageSchema":"1a1c01bbd47fc00a2c39e90264f33305004495a9","hash":"4d09e9072402fa6938aea3f83ac2d4884cf1c7d1"}
,"C:\\Users\\aksha\\OneDrive\\Desktop\\client\\Whitespace-A\\src\\components\\Home\\Home.jsx": {"path":"C:\\Users\\aksha\\OneDrive\\Desktop\\client\\Whitespace-A\\src\\components\\Home\\Home.jsx","statementMap":{"0":{"start":{"line":17,"column":32},"end":{"line":19,"column":51}},"1":{"start":{"line":21,"column":24},"end":{"line":29,"column":8}},"2":{"start":{"line":31,"column":2},"end":{"line":101,"column":4}}},"fnMap":{"0":{"name":"Home","decl":{"start":{"line":3,"column":9},"end":{"line":3,"column":13}},"loc":{"start":{"line":16,"column":3},"end":{"line":102,"column":1}},"line":16}},"branchMap":{"0":{"loc":{"start":{"line":8,"column":2},"end":{"line":8,"column":25}},"type":"default-arg","locations":[{"start":{"line":8,"column":18},"end":{"line":8,"column":25}}],"line":8},"1":{"loc":{"start":{"line":11,"column":2},"end":{"line":11,"column":30}},"type":"default-arg","locations":[{"start":{"line":11,"column":20},"end":{"line":11,"column":30}}],"line":11},"2":{"loc":{"start":{"line":12,"column":2},"end":{"line":12,"column":31}},"type":"default-arg","locations":[{"start":{"line":12,"column":19},"end":{"line":12,"column":31}}],"line":12},"3":{"loc":{"start":{"line":13,"column":2},"end":{"line":13,"column":29}},"type":"default-arg","locations":[{"start":{"line":13,"column":24},"end":{"line":13,"column":29}}],"line":13},"4":{"loc":{"start":{"line":14,"column":2},"end":{"line":14,"column":29}},"type":"default-arg","locations":[{"start":{"line":14,"column":22},"end":{"line":14,"column":29}}],"line":14},"5":{"loc":{"start":{"line":15,"column":2},"end":{"line":15,"column":22}},"type":"default-arg","locations":[{"start":{"line":15,"column":17},"end":{"line":15,"column":22}}],"line":15},"6":{"loc":{"start":{"line":17,"column":32},"end":{"line":19,"column":51}},"type":"cond-expr","locations":[{"start":{"line":18,"column":6},"end":{"line":18,"column":63}},{"start":{"line":19,"column":6},"end":{"line":19,"column":51}}],"line":17},"7":{"loc":{"start":{"line":21,"column":24},"end":{"line":29,"column":8}},"type":"cond-expr","locations":[{"start":{"line":22,"column":6},"end":{"line":28,"column":7}},{"start":{"line":29,"column":6},"end":{"line":29,"column":8}}],"line":21},"8":{"loc":{"start":{"line":24,"column":24},"end":{"line":24,"column":63}},"type":"binary-expr","locations":[{"start":{"line":24,"column":24},"end":{"line":24,"column":50}},{"start":{"line":24,"column":54},"end":{"line":24,"column":63}}],"line":24},"9":{"loc":{"start":{"line":25,"column":28},"end":{"line":25,"column":70}},"type":"binary-expr","locations":[{"start":{"line":25,"column":28},"end":{"line":25,"column":58}},{"start":{"line":25,"column":62},"end":{"line":25,"column":70}}],"line":25},"10":{"loc":{"start":{"line":33,"column":7},"end":{"line":43,"column":7}},"type":"binary-expr","locations":[{"start":{"line":33,"column":7},"end":{"line":33,"column":36}},{"start":{"line":34,"column":8},"end":{"line":42,"column":10}}],"line":33},"11":{"loc":{"start":{"line":39,"column":29},"end":{"line":39,"column":90}},"type":"binary-expr","locations":[{"start":{"line":39,"column":29},"end":{"line":39,"column":69}},{"start":{"line":39,"column":73},"end":{"line":39,"column":90}}],"line":39},"12":{"loc":{"start":{"line":51,"column":25},"end":{"line":55,"column":19}},"type":"cond-expr","locations":[{"start":{"line":52,"column":14},"end":{"line":52,"column":22}},{"start":{"line":53,"column":14},"end":{"line":55,"column":19}}],"line":51},"13":{"loc":{"start":{"line":53,"column":14},"end":{"line":55,"column":19}},"type":"cond-expr","locations":[{"start":{"line":54,"column":14},"end":{"line":54,"column":27}},{"start":{"line":55,"column":14},"end":{"line":55,"column":19}}],"line":53},"14":{"loc":{"start":{"line":57,"column":26},"end":{"line":57,"column":74}},"type":"cond-expr","locations":[{"start":{"line":57,"column":48},"end":{"line":57,"column":56}},{"start":{"line":57,"column":59},"end":{"line":57,"column":74}}],"line":57},"15":{"loc":{"start":{"line":64,"column":12},"end":{"line":64,"column":61}},"type":"cond-expr","locations":[{"start":{"line":64,"column":34},"end":{"line":64,"column":47}},{"start":{"line":64,"column":50},"end":{"line":64,"column":61}}],"line":64},"16":{"loc":{"start":{"line":70,"column":11},"end":{"line":82,"column":11}},"type":"binary-expr","locations":[{"start":{"line":70,"column":11},"end":{"line":70,"column":25}},{"start":{"line":71,"column":12},"end":{"line":81,"column":18}}],"line":70},"17":{"loc":{"start":{"line":73,"column":16},"end":{"line":75,"column":73}},"type":"cond-expr","locations":[{"start":{"line":74,"column":20},"end":{"line":74,"column":39}},{"start":{"line":75,"column":20},"end":{"line":75,"column":73}}],"line":73},"18":{"loc":{"start":{"line":86,"column":9},"end":{"line":98,"column":9}},"type":"binary-expr","locations":[{"start":{"line":86,"column":9},"end":{"line":86,"column":29}},{"start":{"line":86,"column":33},"end":{"line":86,"column":42}},{"start":{"line":87,"column":10},"end":{"line":97,"column":16}}],"line":86},"19":{"loc":{"start":{"line":89,"column":14},"end":{"line":89,"column":67}},"type":"cond-expr","locations":[{"start":{"line":89,"column":41},"end":{"line":89,"column":52}},{"start":{"line":89,"column":55},"end":{"line":89,"column":67}}],"line":89}},"s":{"0":6,"1":6,"2":6},"f":{"0":6},"b":{"0":[6],"1":[6],"2":[6],"3":[5],"4":[6],"5":[6],"6":[1,5],"7":[1,5],"8":[1,1],"9":[1,1],"10":[6,1],"11":[1,1],"12":[1,5],"13":[0,5],"14":[1,5],"15":[1,5],"16":[6,6],"17":[0,6],"18":[6,5,5],"19":[0,5]},"_coverageSchema":"1a1c01bbd47fc00a2c39e90264f33305004495a9","hash":"06813c3fb1de3159a73ad710cf300d6dc1939a1d"}
,"C:\\Users\\aksha\\OneDrive\\Desktop\\client\\Whitespace-A\\src\\components\\Navbar\\Navbar.jsx": {"path":"C:\\Users\\aksha\\OneDrive\\Desktop\\client\\Whitespace-A\\src\\components\\Navbar\\Navbar.jsx","statementMap":{"0":{"start":{"line":4,"column":34},"end":{"line":4,"column":49}},"1":{"start":{"line":6,"column":2},"end":{"line":137,"column":4}},"2":{"start":{"line":18,"column":27},"end":{"line":18,"column":49}}},"fnMap":{"0":{"name":"Navbar","decl":{"start":{"line":3,"column":24},"end":{"line":3,"column":30}},"loc":{"start":{"line":3,"column":33},"end":{"line":138,"column":1}},"line":3},"1":{"name":"(anonymous_1)","decl":{"start":{"line":18,"column":21},"end":{"line":18,"column":22}},"loc":{"start":{"line":18,"column":27},"end":{"line":18,"column":49}},"line":18}},"branchMap":{"0":{"loc":{"start":{"line":20,"column":13},"end":{"line":20,"column":33}},"type":"cond-expr","locations":[{"start":{"line":20,"column":24},"end":{"line":20,"column":27}},{"start":{"line":20,"column":30},"end":{"line":20,"column":33}}],"line":20},"1":{"loc":{"start":{"line":81,"column":7},"end":{"line":135,"column":7}},"type":"binary-expr","locations":[{"start":{"line":81,"column":7},"end":{"line":81,"column":15}},{"start":{"line":82,"column":8},"end":{"line":134,"column":14}}],"line":81}},"s":{"0":3,"1":3,"2":2},"f":{"0":3,"1":2},"b":{"0":[1,2],"1":[3,1]},"_coverageSchema":"1a1c01bbd47fc00a2c39e90264f33305004495a9","hash":"b2d1e76bfdaea31397449a3c6acb21e048e48e9a"}
,"C:\\Users\\aksha\\OneDrive\\Desktop\\client\\Whitespace-A\\src\\components\\OurClientCard\\OurClientCard.jsx": {"path":"C:\\Users\\aksha\\OneDrive\\Desktop\\client\\Whitespace-A\\src\\components\\OurClientCard\\OurClientCard.jsx","statementMap":{"0":{"start":{"line":3,"column":22},"end":{"line":28,"column":1}},"1":{"start":{"line":4,"column":2},"end":{"line":27,"column":4}}},"fnMap":{"0":{"name":"(anonymous_0)","decl":{"start":{"line":3,"column":22},"end":{"line":3,"column":23}},"loc":{"start":{"line":3,"column":68},"end":{"line":28,"column":1}},"line":3}},"branchMap":{},"s":{"0":1,"1":4},"f":{"0":4},"b":{},"_coverageSchema":"1a1c01bbd47fc00a2c39e90264f33305004495a9","hash":"872f6181a1e3c11c1deba3abfe02d36623378b8c"}
,"C:\\Users\\aksha\\OneDrive\\Desktop\\client\\Whitespace-A\\src\\components\\OurClientSection\\OurClientSection.jsx": {"path":"C:\\Users\\aksha\\OneDrive\\Desktop\\client\\Whitespace-A\\src\\components\\OurClientSection\\OurClientSection.jsx","statementMap":{"0":{"start":{"line":5,"column":25},"end":{"line":20,"column":1}},"1":{"start":{"line":6,"column":2},"end":{"line":19,"column":3}}},"fnMap":{"0":{"name":"(anonymous_0)","decl":{"start":{"line":5,"column":25},"end":{"line":5,"column":26}},"loc":{"start":{"line":5,"column":31},"end":{"line":20,"column":1}},"line":5}},"branchMap":{},"s":{"0":1,"1":2},"f":{"0":2},"b":{},"_coverageSchema":"1a1c01bbd47fc00a2c39e90264f33305004495a9","hash":"3e88180bcb091277f83e6818dc37383b7f68a5c2"}
,"C:\\Users\\aksha\\OneDrive\\Desktop\\client\\Whitespace-A\\src\\components\\PlansCardSection\\PlanCardSection.jsx": {"path":"C:\\Users\\aksha\\OneDrive\\Desktop\\client\\Whitespace-A\\src\\components\\PlansCardSection\\PlanCardSection.jsx","statementMap":{"0":{"start":{"line":4,"column":24},"end":{"line":35,"column":1}},"1":{"start":{"line":5,"column":2},"end":{"line":34,"column":3}}},"fnMap":{"0":{"name":"(anonymous_0)","decl":{"start":{"line":4,"column":24},"end":{"line":4,"column":25}},"loc":{"start":{"line":4,"column":30},"end":{"line":35,"column":1}},"line":4}},"branchMap":{},"s":{"0":1,"1":2},"f":{"0":2},"b":{},"_coverageSchema":"1a1c01bbd47fc00a2c39e90264f33305004495a9","hash":"5f2fe562ee3c7931bb79deaf1d96e7355f1264a7"}
,"C:\\Users\\aksha\\OneDrive\\Desktop\\client\\Whitespace-A\\src\\components\\PriceCard\\PriceCard.jsx": {"path":"C:\\Users\\aksha\\OneDrive\\Desktop\\client\\Whitespace-A\\src\\components\\PriceCard\\PriceCard.jsx","statementMap":{"0":{"start":{"line":3,"column":18},"end":{"line":44,"column":1}},"1":{"start":{"line":4,"column":2},"end":{"line":43,"column":4}}},"fnMap":{"0":{"name":"(anonymous_0)","decl":{"start":{"line":3,"column":18},"end":{"line":3,"column":19}},"loc":{"start":{"line":3,"column":89},"end":{"line":44,"column":1}},"line":3}},"branchMap":{},"s":{"0":1,"1":5},"f":{"0":5},"b":{},"_coverageSchema":"1a1c01bbd47fc00a2c39e90264f33305004495a9","hash":"72aa62cab363880487c101bfd4197d0667728a2d"}
,"C:\\Users\\aksha\\OneDrive\\Desktop\\client\\Whitespace-A\\src\\components\\SponserSection\\Sponser.jsx": {"path":"C:\\Users\\aksha\\OneDrive\\Desktop\\client\\Whitespace-A\\src\\components\\SponserSection\\Sponser.jsx","statementMap":{"0":{"start":{"line":4,"column":16},"end":{"line":18,"column":1}},"1":{"start":{"line":5,"column":2},"end":{"line":17,"column":3}}},"fnMap":{"0":{"name":"(anonymous_0)","decl":{"start":{"line":4,"column":16},"end":{"line":4,"column":17}},"loc":{"start":{"line":4,"column":22},"end":{"line":18,"column":1}},"line":4}},"branchMap":{},"s":{"0":1,"1":4},"f":{"0":4},"b":{},"_coverageSchema":"1a1c01bbd47fc00a2c39e90264f33305004495a9","hash":"559d67d5189ec1ad218b581d242c839b5c50e669"}
}
