TN:
SF:src\components\Footer\Footer.jsx
FN:8,(anonymous_0)
FNF:1
FNH:1
FNDA:11,(anonymous_0)
DA:8,1
DA:9,11
LF:2
LH:2
BRF:0
BRH:0
end_of_record
TN:
SF:src\components\Home\Home.jsx
FN:3,Home
FNF:1
FNH:1
FNDA:4,Home
DA:17,4
DA:21,4
DA:31,4
LF:3
LH:3
BRDA:8,0,0,4
BRDA:11,1,0,4
BRDA:12,2,0,4
BRDA:13,3,0,3
BRDA:14,4,0,4
BRDA:15,5,0,4
BRDA:17,6,0,1
BRDA:17,6,1,3
BRDA:21,7,0,1
BRDA:21,7,1,3
BRDA:24,8,0,1
BRDA:24,8,1,1
BRDA:25,9,0,1
BRDA:25,9,1,1
BRDA:36,10,0,4
BRDA:36,10,1,1
BRDA:54,11,0,1
BRDA:54,11,1,3
BRDA:56,12,0,0
BRDA:56,12,1,3
BRDA:60,13,0,1
BRDA:60,13,1,3
BRDA:67,14,0,1
BRDA:67,14,1,3
BRDA:73,15,0,4
BRDA:73,15,1,4
BRDA:76,16,0,0
BRDA:76,16,1,4
BRDA:89,17,0,4
BRDA:89,17,1,3
BRDA:89,17,2,3
BRDA:92,18,0,0
BRDA:92,18,1,3
BRF:33
BRH:30
end_of_record
TN:
SF:src\components\Navbar\Navbar.jsx
FN:3,Navbar
FN:18,(anonymous_1)
FNF:2
FNH:2
FNDA:3,Navbar
FNDA:2,(anonymous_1)
DA:4,3
DA:6,3
DA:18,2
LF:3
LH:3
BRDA:20,0,0,1
BRDA:20,0,1,2
BRDA:81,1,0,3
BRDA:81,1,1,1
BRF:4
BRH:4
end_of_record
