TN:
SF:src\components\Footer\Footer.jsx
FN:8,(anonymous_0)
FNF:1
FNH:1
FNDA:11,(anonymous_0)
DA:8,1
DA:9,11
LF:2
LH:2
BRF:0
BRH:0
end_of_record
TN:
SF:src\components\Hersection\Hero.jsx
FN:4,Hero
FNF:1
FNH:1
FNDA:2,Hero
DA:18,2
DA:22,2
DA:32,2
LF:3
LH:3
BRDA:9,0,0,2
BRDA:12,1,0,2
BRDA:13,2,0,2
BRDA:14,3,0,2
BRDA:15,4,0,2
BRDA:16,5,0,2
BRDA:18,6,0,0
BRDA:18,6,1,2
BRDA:22,7,0,1
BRDA:22,7,1,1
BRDA:25,8,0,1
BRDA:25,8,1,1
BRDA:26,9,0,1
BRDA:26,9,1,1
BRDA:34,10,0,2
BRDA:34,10,1,1
BRDA:51,11,0,0
BRDA:51,11,1,2
BRDA:53,12,0,0
BRDA:53,12,1,2
BRDA:57,13,0,0
BRDA:57,13,1,2
BRDA:63,14,0,0
BRDA:63,14,1,2
BRDA:64,15,0,0
BRDA:64,15,1,2
BRDA:69,16,0,2
BRDA:69,16,1,2
BRDA:76,17,0,2
BRDA:76,17,1,2
BRDA:76,17,2,2
BRDA:80,18,0,0
BRDA:80,18,1,2
BRF:33
BRH:26
end_of_record
TN:
SF:src\components\Navbar\Navbar.jsx
FN:3,Navbar
FN:18,(anonymous_1)
FNF:2
FNH:2
FNDA:3,Navbar
FNDA:2,(anonymous_1)
DA:4,3
DA:6,3
DA:18,2
LF:3
LH:3
BRDA:20,0,0,1
BRDA:20,0,1,2
BRDA:81,1,0,3
BRDA:81,1,1,1
BRF:4
BRH:4
end_of_record
